c:\users\150592k\desktop\multiplayera2\framework\intermediate\vc120.pdb
c:\users\-\desktop\multiplayer-assignment\framework\intermediate\vc120.pdb
c:\users\-\desktop\multiplayer-assignment\framework\intermediate\vc120.idb
c:\users\-\desktop\multiplayer-assignment\framework\intermediate\application.obj
c:\users\-\desktop\multiplayer-assignment\framework\intermediate\asteroid.obj
c:\users\-\desktop\multiplayer-assignment\framework\intermediate\blackhole.obj
c:\users\-\desktop\multiplayer-assignment\framework\intermediate\buff.obj
c:\users\-\desktop\multiplayer-assignment\framework\intermediate\bullets.obj
c:\users\-\desktop\multiplayer-assignment\framework\intermediate\explosion.obj
c:\users\-\desktop\multiplayer-assignment\framework\intermediate\main.obj
c:\users\-\desktop\multiplayer-assignment\framework\intermediate\missile.obj
c:\users\-\desktop\multiplayer-assignment\framework\intermediate\ship.obj
c:\users\-\desktop\multiplayer-assignment\framework\intermediate\textbox.obj
c:\users\-\desktop\multiplayer-assignment\framework\intermediate\timebomb.obj
c:\users\150592k\desktop\multiplayera2\framework\bin\client\client_d.ilk
c:\users\150592k\desktop\multiplayera2\framework\bin\client\client_d.exe
c:\users\150592k\desktop\multiplayera2\framework\bin\client\client_d.pdb
c:\users\-\desktop\multiplayer-assignment\framework\bin\client\client_d.ilk
c:\users\-\desktop\multiplayer-assignment\framework\bin\client\client_d.exe
c:\users\-\desktop\multiplayer-assignment\framework\bin\client\client_d.pdb
c:\users\-\desktop\multiplayer-assignment\framework\intermediate\..\bin\client\client_d.pdb
c:\users\-\desktop\multiplayer-assignment\framework\client\..\bin\client\client_d.exe
c:\users\-\desktop\multiplayer-assignment\framework\intermediate\..\bin\client\client_d.ilk
c:\users\-\desktop\multiplayer-assignment\framework\intermediate\client.tlog\cl.command.1.tlog
c:\users\-\desktop\multiplayer-assignment\framework\intermediate\client.tlog\cl.read.1.tlog
c:\users\-\desktop\multiplayer-assignment\framework\intermediate\client.tlog\cl.write.1.tlog
c:\users\-\desktop\multiplayer-assignment\framework\intermediate\client.tlog\link.command.1.tlog
c:\users\-\desktop\multiplayer-assignment\framework\intermediate\client.tlog\link.read.1.tlog
c:\users\-\desktop\multiplayer-assignment\framework\intermediate\client.tlog\link.write.1.tlog
