Build started 7/2/2017 11:54:41 PM.
     1>Project "C:\Users\-\Desktop\multiplayer-assignment\DM2241_Assignment2_150592K\client\client.vcxproj" on node 2 (Build target(s)).
     1>ClCompile:
         C:\Program Files (x86)\Microsoft Visual Studio 12.0\VC\bin\CL.exe /c /ZI /nologo /W3 /WX- /Od /Oy- /D WIN32 /D _DEBUG /D _CONSOLE /D _LIB /D _UNICODE /D UNICODE /Gm /EHsc /RTC1 /MDd /GS /fp:precise /Zc:wchar_t /Zc:forScope /Fo"..\intermediate\\" /Fd"..\intermediate\vc120.pdb" /Gd /TP /analyze- /errorReport:prompt src\Application.cpp src\asteroid.cpp src\blackhole.cpp src\buff.cpp src\bullets.cpp src\explosion.cpp src\main.cpp src\missile.cpp src\ship.cpp src\textbox.cpp src\timebomb.cpp
         timebomb.cpp
         textbox.cpp
         ship.cpp
         missile.cpp
         main.cpp
         explosion.cpp
         bullets.cpp
         buff.cpp
         blackhole.cpp
         asteroid.cpp
         Application.cpp
     1>c:\users\-\desktop\multiplayer-assignment\dm2241_assignment2_150592k\client\src\application.cpp(696): warning C4101: 'activebomb' : unreferenced local variable
     1>c:\users\-\desktop\multiplayer-assignment\dm2241_assignment2_150592k\client\src\application.cpp(1055): warning C4101: 'temp' : unreferenced local variable
         Generating Code...
       Link:
         C:\Program Files (x86)\Microsoft Visual Studio 12.0\VC\bin\link.exe /ERRORREPORT:PROMPT /OUT:"..\bin\client\client_d.exe" /INCREMENTAL /NOLOGO RakNetDLLDebug.lib hge.lib hgehelp.lib ws2_32.lib kernel32.lib user32.lib gdi32.lib winspool.lib comdlg32.lib advapi32.lib shell32.lib ole32.lib oleaut32.lib uuid.lib odbc32.lib odbccp32.lib kernel32.lib user32.lib gdi32.lib winspool.lib comdlg32.lib advapi32.lib shell32.lib ole32.lib oleaut32.lib uuid.lib odbc32.lib odbccp32.lib /NODEFAULTLIB:libc.lib /MANIFEST /MANIFESTUAC:"level='asInvoker' uiAccess='false'" /manifest:embed /DEBUG /PDB:"..\bin\client\client_d.pdb" /SUBSYSTEM:CONSOLE /TLBID:1 /DYNAMICBASE /NXCOMPAT /IMPLIB:"..\bin\client\client_d.lib" /MACHINE:X86 ..\intermediate\Application.obj
         ..\intermediate\asteroid.obj
         ..\intermediate\blackhole.obj
         ..\intermediate\buff.obj
         ..\intermediate\bullets.obj
         ..\intermediate\explosion.obj
         ..\intermediate\main.obj
         ..\intermediate\missile.obj
         ..\intermediate\ship.obj
         ..\intermediate\textbox.obj
         ..\intermediate\timebomb.obj
         client.vcxproj -> C:\Users\-\Desktop\multiplayer-assignment\DM2241_Assignment2_150592K\client\..\bin\client\client_d.exe
     1>Done Building Project "C:\Users\-\Desktop\multiplayer-assignment\DM2241_Assignment2_150592K\client\client.vcxproj" (Build target(s)).

Build succeeded.

Time Elapsed 00:00:13.94
